  % Total    % Received % Xferd  Average Speed   Time    Time     Time  Current
                                 Dload  Upload   Total   Spent    Left  Speed
  0     0    0     0    0     0      0      0 --:--:-- --:--:-- --:--:--     0*   Trying 54.243.7.12...
* TCP_NODELAY set
* Connected to ec2-54-243-7-12.compute-1.amazonaws.com (54.243.7.12) port 80 (#0)
> GET / HTTP/1.1
> Host: ec2-54-243-7-12.compute-1.amazonaws.com
> User-Agent: curl/7.64.1
> Accept: */*
> Cookie: login=eyJ1c2VyIjoiYXdkZW9yaW8ifQ.YDxI_w.KWC7hvJTuWDLxse9yOI7OB-an3A
> 
< HTTP/1.1 200 OK
< Server: nginx/1.18.0 (Ubuntu)
< Date: Mon, 01 Mar 2021 01:55:11 GMT
< Content-Type: text/html; charset=utf-8
< Content-Length: 620
< Connection: keep-alive
< Vary: Cookie
< 
{ [620 bytes data]
100   620  100   620    0     0   5904      0 --:--:-- --:--:-- --:--:--  5904
* Connection #0 to host ec2-54-243-7-12.compute-1.amazonaws.com left intact
* Closing connection 0
